000 (229513.000.000) 2021-12-08 18:04:37 Job submitted from host: <128.104.100.148:9618?addrs=128.104.100.148-9618+[2607-f388-107c-501-216-3eff-feb2-bc11]-9618&alias=learn.chtc.wisc.edu&noUDP&sock=schedd_1169_6a4d>
...
040 (229513.000.000) 2021-12-08 18:05:14 Started transferring input files
	Transferring to host: <128.105.245.136:9618?addrs=128.105.245.136-9618&alias=e2336.chtc.wisc.edu&noUDP&sock=slot1_23_18227_51fe_34995>
...
040 (229513.000.000) 2021-12-08 18:05:20 Finished transferring input files
...
001 (229513.000.000) 2021-12-08 18:05:21 Job executing on host: <128.105.245.136:9618?addrs=128.105.245.136-9618&alias=e2336.chtc.wisc.edu&noUDP&sock=startd_2598_9723>
...
006 (229513.000.000) 2021-12-08 18:05:29 Image size of job updated: 197036
	189  -  MemoryUsage of job (MB)
	192548  -  ResidentSetSize of job (KB)
...
006 (229513.000.000) 2021-12-08 18:09:23 Image size of job updated: 4927556
	189  -  MemoryUsage of job (MB)
	192548  -  ResidentSetSize of job (KB)
...
040 (229513.000.000) 2021-12-08 18:09:23 Started transferring output files
...
040 (229513.000.000) 2021-12-08 18:09:26 Finished transferring output files
...
005 (229513.000.000) 2021-12-08 18:09:26 Job terminated.
	(1) Normal termination (return value 0)
		Usr 0 00:03:23, Sys 0 00:00:05  -  Run Remote Usage
		Usr 0 00:00:00, Sys 0 00:00:00  -  Run Local Usage
		Usr 0 00:03:23, Sys 0 00:00:05  -  Total Remote Usage
		Usr 0 00:00:00, Sys 0 00:00:00  -  Total Local Usage
	122991672  -  Run Bytes Sent By Job
	165287152  -  Run Bytes Received By Job
	122991672  -  Total Bytes Sent By Job
	165287152  -  Total Bytes Received By Job
	Partitionable Resources :     Usage  Request Allocated 
	   Cpus                 :      0.83        1         1 
	   Disk (KB)            : 570372     5242880   5701835 
	   IoHeavy              :                            0 
	   Memory (MB)          :    189        5120      5120 

	Job terminated of its own accord at 2021-12-09T00:09:23Z with exit-code 0.
...
