000 (229513.003.000) 2021-12-08 18:04:37 Job submitted from host: <128.104.100.148:9618?addrs=128.104.100.148-9618+[2607-f388-107c-501-216-3eff-feb2-bc11]-9618&alias=learn.chtc.wisc.edu&noUDP&sock=schedd_1169_6a4d>
...
040 (229513.003.000) 2021-12-08 18:05:14 Started transferring input files
	Transferring to host: <128.105.68.12:9618?addrs=128.105.68.12-9618&alias=e2005.chtc.wisc.edu&noUDP&sock=slot1_27_2997_6853_33122>
...
040 (229513.003.000) 2021-12-08 18:05:20 Finished transferring input files
...
001 (229513.003.000) 2021-12-08 18:05:21 Job executing on host: <128.105.68.12:9618?addrs=128.105.68.12-9618&alias=e2005.chtc.wisc.edu&noUDP&sock=startd_6659_193e>
...
006 (229513.003.000) 2021-12-08 18:05:29 Image size of job updated: 302980
	223  -  MemoryUsage of job (MB)
	228308  -  ResidentSetSize of job (KB)
...
006 (229513.003.000) 2021-12-08 18:08:50 Image size of job updated: 4727972
	230  -  MemoryUsage of job (MB)
	235304  -  ResidentSetSize of job (KB)
...
040 (229513.003.000) 2021-12-08 18:08:51 Started transferring output files
...
040 (229513.003.000) 2021-12-08 18:08:55 Finished transferring output files
...
005 (229513.003.000) 2021-12-08 18:08:55 Job terminated.
	(1) Normal termination (return value 0)
		Usr 0 00:03:20, Sys 0 00:00:07  -  Run Remote Usage
		Usr 0 00:00:00, Sys 0 00:00:00  -  Run Local Usage
		Usr 0 00:03:20, Sys 0 00:00:07  -  Total Remote Usage
		Usr 0 00:00:00, Sys 0 00:00:00  -  Total Local Usage
	153948480  -  Run Bytes Sent By Job
	165287152  -  Run Bytes Received By Job
	153948480  -  Total Bytes Sent By Job
	165287152  -  Total Bytes Received By Job
	Partitionable Resources :     Usage  Request Allocated 
	   Cpus                 :      1.00        1         1 
	   Disk (KB)            : 600603     5242880   7236183 
	   IoHeavy              :                            0 
	   Memory (MB)          :    230        5120      5120 

	Job terminated of its own accord at 2021-12-09T00:08:50Z with exit-code 0.
...
