000 (229513.004.000) 2021-12-08 18:04:37 Job submitted from host: <128.104.100.148:9618?addrs=128.104.100.148-9618+[2607-f388-107c-501-216-3eff-feb2-bc11]-9618&alias=learn.chtc.wisc.edu&noUDP&sock=schedd_1169_6a4d>
...
040 (229513.004.000) 2021-12-08 18:05:18 Started transferring input files
	Transferring to host: <128.105.245.149:9618?addrs=128.105.245.149-9618&alias=e349.chtc.wisc.edu&noUDP&sock=slot1_22_9060_56e9_33375>
...
040 (229513.004.000) 2021-12-08 18:05:27 Finished transferring input files
...
001 (229513.004.000) 2021-12-08 18:05:28 Job executing on host: <128.105.245.149:9618?addrs=128.105.245.149-9618&alias=e349.chtc.wisc.edu&noUDP&sock=startd_2441_e6c4>
...
006 (229513.004.000) 2021-12-08 18:05:37 Image size of job updated: 77792
	1  -  MemoryUsage of job (MB)
	464  -  ResidentSetSize of job (KB)
...
006 (229513.004.000) 2021-12-08 18:08:27 Image size of job updated: 4273784
	1  -  MemoryUsage of job (MB)
	464  -  ResidentSetSize of job (KB)
...
040 (229513.004.000) 2021-12-08 18:08:27 Started transferring output files
...
040 (229513.004.000) 2021-12-08 18:08:30 Finished transferring output files
...
005 (229513.004.000) 2021-12-08 18:08:30 Job terminated.
	(1) Normal termination (return value 0)
		Usr 0 00:02:43, Sys 0 00:00:04  -  Run Remote Usage
		Usr 0 00:00:00, Sys 0 00:00:00  -  Run Local Usage
		Usr 0 00:02:43, Sys 0 00:00:04  -  Total Remote Usage
		Usr 0 00:00:00, Sys 0 00:00:00  -  Total Local Usage
	120562432  -  Run Bytes Sent By Job
	165287152  -  Run Bytes Received By Job
	120562432  -  Total Bytes Sent By Job
	165287152  -  Total Bytes Received By Job
	Partitionable Resources :     Usage  Request Allocated 
	   Cpus                 :      0.01        1         1 
	   Disk (KB)            : 568000     5242880   5684641 
	   IoHeavy              :                            0 
	   Memory (MB)          :      1        5120      5120 

	Job terminated of its own accord at 2021-12-09T00:08:27Z with exit-code 0.
...
