000 (229513.007.000) 2021-12-08 18:04:37 Job submitted from host: <128.104.100.148:9618?addrs=128.104.100.148-9618+[2607-f388-107c-501-216-3eff-feb2-bc11]-9618&alias=learn.chtc.wisc.edu&noUDP&sock=schedd_1169_6a4d>
...
040 (229513.007.000) 2021-12-08 18:05:18 Started transferring input files
	Transferring to host: <128.105.245.106:9618?addrs=128.105.245.106-9618&alias=e2306.chtc.wisc.edu&noUDP&sock=slot1_4_5629_e3be_34361>
...
040 (229513.007.000) 2021-12-08 18:05:26 Finished transferring input files
...
001 (229513.007.000) 2021-12-08 18:05:27 Job executing on host: <128.105.245.106:9618?addrs=128.105.245.106-9618&alias=e2306.chtc.wisc.edu&noUDP&sock=startd_12776_da10>
...
006 (229513.007.000) 2021-12-08 18:05:36 Image size of job updated: 201900
	189  -  MemoryUsage of job (MB)
	193320  -  ResidentSetSize of job (KB)
...
006 (229513.007.000) 2021-12-08 18:09:50 Image size of job updated: 5239816
	189  -  MemoryUsage of job (MB)
	193320  -  ResidentSetSize of job (KB)
...
040 (229513.007.000) 2021-12-08 18:09:50 Started transferring output files
...
040 (229513.007.000) 2021-12-08 18:09:54 Finished transferring output files
...
005 (229513.007.000) 2021-12-08 18:09:54 Job terminated.
	(1) Normal termination (return value 0)
		Usr 0 00:04:09, Sys 0 00:00:05  -  Run Remote Usage
		Usr 0 00:00:00, Sys 0 00:00:00  -  Run Local Usage
		Usr 0 00:04:09, Sys 0 00:00:05  -  Total Remote Usage
		Usr 0 00:00:00, Sys 0 00:00:00  -  Total Local Usage
	158978736  -  Run Bytes Sent By Job
	165287152  -  Run Bytes Received By Job
	158978736  -  Total Bytes Sent By Job
	165287152  -  Total Bytes Received By Job
	Partitionable Resources :     Usage  Request Allocated 
	   Cpus                 :      0.97        1         1 
	   Disk (KB)            : 605516     5242880   5552530 
	   IoHeavy              :                            0 
	   Memory (MB)          :    189        5120      5120 

	Job terminated of its own accord at 2021-12-09T00:09:50Z with exit-code 0.
...
