000 (229513.001.000) 2021-12-08 18:04:37 Job submitted from host: <128.104.100.148:9618?addrs=128.104.100.148-9618+[2607-f388-107c-501-216-3eff-feb2-bc11]-9618&alias=learn.chtc.wisc.edu&noUDP&sock=schedd_1169_6a4d>
...
040 (229513.001.000) 2021-12-08 18:05:14 Started transferring input files
	Transferring to host: <128.105.68.12:9618?addrs=128.105.68.12-9618&alias=e2005.chtc.wisc.edu&noUDP&sock=slot1_15_2997_6853_33120>
...
040 (229513.001.000) 2021-12-08 18:05:20 Finished transferring input files
...
001 (229513.001.000) 2021-12-08 18:05:21 Job executing on host: <128.105.68.12:9618?addrs=128.105.68.12-9618&alias=e2005.chtc.wisc.edu&noUDP&sock=startd_6659_193e>
...
006 (229513.001.000) 2021-12-08 18:05:29 Image size of job updated: 499540
	242  -  MemoryUsage of job (MB)
	247220  -  ResidentSetSize of job (KB)
...
006 (229513.001.000) 2021-12-08 18:08:33 Image size of job updated: 4816672
	242  -  MemoryUsage of job (MB)
	247748  -  ResidentSetSize of job (KB)
...
040 (229513.001.000) 2021-12-08 18:08:33 Started transferring output files
...
040 (229513.001.000) 2021-12-08 18:08:37 Finished transferring output files
...
005 (229513.001.000) 2021-12-08 18:08:37 Job terminated.
	(1) Normal termination (return value 0)
		Usr 0 00:03:04, Sys 0 00:00:07  -  Run Remote Usage
		Usr 0 00:00:00, Sys 0 00:00:00  -  Run Local Usage
		Usr 0 00:03:04, Sys 0 00:00:07  -  Total Remote Usage
		Usr 0 00:00:00, Sys 0 00:00:00  -  Total Local Usage
	147225824  -  Run Bytes Sent By Job
	165287152  -  Run Bytes Received By Job
	147225824  -  Total Bytes Sent By Job
	165287152  -  Total Bytes Received By Job
	Partitionable Resources :    Usage  Request Allocated 
	   Cpus                 :                 1         1 
	   Disk (KB)            :   594029  5242880   7236183 
	   IoHeavy              :                           0 
	   Memory (MB)          :      242     5120      5120 

	Job terminated of its own accord at 2021-12-09T00:08:33Z with exit-code 0.
...
