000 (229513.009.000) 2021-12-08 18:04:37 Job submitted from host: <128.104.100.148:9618?addrs=128.104.100.148-9618+[2607-f388-107c-501-216-3eff-feb2-bc11]-9618&alias=learn.chtc.wisc.edu&noUDP&sock=schedd_1169_6a4d>
...
040 (229513.009.000) 2021-12-08 18:05:18 Started transferring input files
	Transferring to host: <128.105.245.71:9618?addrs=128.105.245.71-9618&alias=e271.chtc.wisc.edu&noUDP&sock=slot1_17_12396_da71_32696>
...
040 (229513.009.000) 2021-12-08 18:05:26 Finished transferring input files
...
001 (229513.009.000) 2021-12-08 18:05:27 Job executing on host: <128.105.245.71:9618?addrs=128.105.245.71-9618&alias=e271.chtc.wisc.edu&noUDP&sock=startd_2407_948c>
...
006 (229513.009.000) 2021-12-08 18:05:37 Image size of job updated: 528
	1  -  MemoryUsage of job (MB)
	472  -  ResidentSetSize of job (KB)
...
006 (229513.009.000) 2021-12-08 18:08:36 Image size of job updated: 4263420
	1  -  MemoryUsage of job (MB)
	472  -  ResidentSetSize of job (KB)
...
040 (229513.009.000) 2021-12-08 18:08:36 Started transferring output files
...
040 (229513.009.000) 2021-12-08 18:08:40 Finished transferring output files
...
005 (229513.009.000) 2021-12-08 18:08:41 Job terminated.
	(1) Normal termination (return value 0)
		Usr 0 00:02:50, Sys 0 00:00:06  -  Run Remote Usage
		Usr 0 00:00:00, Sys 0 00:00:00  -  Run Local Usage
		Usr 0 00:02:50, Sys 0 00:00:06  -  Total Remote Usage
		Usr 0 00:00:00, Sys 0 00:00:00  -  Total Local Usage
	147107648  -  Run Bytes Sent By Job
	165287152  -  Run Bytes Received By Job
	147107648  -  Total Bytes Sent By Job
	165287152  -  Total Bytes Received By Job
	Partitionable Resources :     Usage  Request Allocated 
	   Cpus                 :      1.00        1         1 
	   Disk (KB)            : 593923     5242880   5689736 
	   IoHeavy              :                            0 
	   Memory (MB)          :      1        5120      5120 

	Job terminated of its own accord at 2021-12-09T00:08:36Z with exit-code 0.
...
