000 (229513.005.000) 2021-12-08 18:04:37 Job submitted from host: <128.104.100.148:9618?addrs=128.104.100.148-9618+[2607-f388-107c-501-216-3eff-feb2-bc11]-9618&alias=learn.chtc.wisc.edu&noUDP&sock=schedd_1169_6a4d>
...
040 (229513.005.000) 2021-12-08 18:05:18 Started transferring input files
	Transferring to host: <128.105.245.166:9618?addrs=128.105.245.166-9618&alias=e2366.chtc.wisc.edu&noUDP&sock=slot1_31_7970_55fd_33602>
...
040 (229513.005.000) 2021-12-08 18:05:24 Finished transferring input files
...
001 (229513.005.000) 2021-12-08 18:05:25 Job executing on host: <128.105.245.166:9618?addrs=128.105.245.166-9618&alias=e2366.chtc.wisc.edu&noUDP&sock=startd_2344_5e15>
...
006 (229513.005.000) 2021-12-08 18:05:33 Image size of job updated: 504
	1  -  MemoryUsage of job (MB)
	504  -  ResidentSetSize of job (KB)
...
006 (229513.005.000) 2021-12-08 18:07:59 Image size of job updated: 3756700
	1  -  MemoryUsage of job (MB)
	504  -  ResidentSetSize of job (KB)
...
040 (229513.005.000) 2021-12-08 18:08:00 Started transferring output files
...
040 (229513.005.000) 2021-12-08 18:08:02 Finished transferring output files
...
005 (229513.005.000) 2021-12-08 18:08:02 Job terminated.
	(1) Normal termination (return value 0)
		Usr 0 00:02:22, Sys 0 00:00:03  -  Run Remote Usage
		Usr 0 00:00:00, Sys 0 00:00:00  -  Run Local Usage
		Usr 0 00:02:22, Sys 0 00:00:03  -  Total Remote Usage
		Usr 0 00:00:00, Sys 0 00:00:00  -  Total Local Usage
	85833848  -  Run Bytes Sent By Job
	112023544  -  Run Bytes Received By Job
	85833848  -  Total Bytes Sent By Job
	112023544  -  Total Bytes Received By Job
	Partitionable Resources :     Usage  Request Allocated 
	   Cpus                 :      0.97        1         1 
	   Disk (KB)            : 482070     5242880   5607094 
	   IoHeavy              :                            0 
	   Memory (MB)          :      1        5120      5120 

	Job terminated of its own accord at 2021-12-09T00:07:59Z with exit-code 0.
...
