000 (229513.008.000) 2021-12-08 18:04:37 Job submitted from host: <128.104.100.148:9618?addrs=128.104.100.148-9618+[2607-f388-107c-501-216-3eff-feb2-bc11]-9618&alias=learn.chtc.wisc.edu&noUDP&sock=schedd_1169_6a4d>
...
040 (229513.008.000) 2021-12-08 18:05:18 Started transferring input files
	Transferring to host: <128.105.245.147:9618?addrs=128.105.245.147-9618&alias=e347.chtc.wisc.edu&noUDP&sock=slot1_19_11393_2628_35471>
...
040 (229513.008.000) 2021-12-08 18:05:25 Finished transferring input files
...
001 (229513.008.000) 2021-12-08 18:05:26 Job executing on host: <128.105.245.147:9618?addrs=128.105.245.147-9618&alias=e347.chtc.wisc.edu&noUDP&sock=startd_7266_733a>
...
006 (229513.008.000) 2021-12-08 18:05:34 Image size of job updated: 224468
	211  -  MemoryUsage of job (MB)
	215228  -  ResidentSetSize of job (KB)
...
006 (229513.008.000) 2021-12-08 18:09:35 Image size of job updated: 4598064
	222  -  MemoryUsage of job (MB)
	226752  -  ResidentSetSize of job (KB)
...
040 (229513.008.000) 2021-12-08 18:09:35 Started transferring output files
...
040 (229513.008.000) 2021-12-08 18:09:39 Finished transferring output files
...
005 (229513.008.000) 2021-12-08 18:09:39 Job terminated.
	(1) Normal termination (return value 0)
		Usr 0 00:03:57, Sys 0 00:00:07  -  Run Remote Usage
		Usr 0 00:00:00, Sys 0 00:00:00  -  Run Local Usage
		Usr 0 00:03:57, Sys 0 00:00:07  -  Total Remote Usage
		Usr 0 00:00:00, Sys 0 00:00:00  -  Total Local Usage
	146205616  -  Run Bytes Sent By Job
	165287152  -  Run Bytes Received By Job
	146205616  -  Total Bytes Sent By Job
	165287152  -  Total Bytes Received By Job
	Partitionable Resources :     Usage  Request Allocated 
	   Cpus                 :      0.99        1         1 
	   Disk (KB)            : 593042     5242880   5673115 
	   IoHeavy              :                            0 
	   Memory (MB)          :    222        5120      5120 

	Job terminated of its own accord at 2021-12-09T00:09:35Z with exit-code 0.
...
